<?xml version="1.0" encoding="UTF-8"?>
<!-- Generated by org.testng.reporters.JUnitXMLReporter -->
<testsuite ignored="0" hostname="DESKTOP-LBB6QBB" failures="0" tests="4" name="Default test" time="73.78" errors="0" timestamp="2023-03-29T16:32:37 SAST">
  <testcase classname="testCases.TC01_E2E_Test" name="loginTest" time="6.231"/>
  <testcase classname="testCases.TC01_E2E_Test" name="AddToCartTest" time="9.518"/>
  <testcase classname="testCases.TC01_E2E_Test" name="checkout" time="14.583"/>
  <testcase classname="testCases.TC01_E2E_Test" name="tearDown" time="1.538"/>
</testsuite> <!-- Default test -->
